This file contains any messages produced by compilers while
running configure, to aid debugging if configure makes a mistake.

It was created by Snoopy Logger configure 2.4.6, which was
generated by GNU Autoconf 2.69.  Invocation command line was

  $ ./configure --enable-config-file --sysconfdir=/etc --enable-filtering

## --------- ##
## Platform. ##
## --------- ##

hostname = kali
uname -m = x86_64
uname -r = 4.15.0-kali2-amd64
uname -s = Linux
uname -v = #1 SMP Debian 4.15.11-1kali1 (2018-03-21)

/usr/bin/uname -p = unknown
/bin/uname -X     = unknown

/bin/arch              = unknown
/usr/bin/arch -k       = unknown
/usr/convex/getsysinfo = unknown
/usr/bin/hostinfo      = unknown
/bin/machine           = unknown
/usr/bin/oslevel       = unknown
/bin/universe          = unknown

PATH: /usr/local/sbin
PATH: /usr/local/bin
PATH: /usr/sbin
PATH: /usr/bin
PATH: /sbin
PATH: /bin


## ----------- ##
## Core tests. ##
## ----------- ##

configure:3466: checking for a BSD-compatible install
configure:3534: result: /usr/bin/install -c
configure:3545: checking whether build environment is sane
configure:3600: result: yes
configure:3751: checking for a thread-safe mkdir -p
configure:3790: result: /bin/mkdir -p
configure:3797: checking for gawk
configure:3813: found /usr/bin/gawk
configure:3824: result: gawk
configure:3835: checking whether make sets $(MAKE)
configure:3857: result: yes
configure:3886: checking whether make supports nested variables
configure:3903: result: yes
configure:4046: checking whether make supports nested variables
configure:4063: result: yes
configure:4088: checking for style of include used by make
configure:4116: result: GNU
configure:4187: checking for gcc
configure:4203: found /usr/bin/gcc
configure:4214: result: gcc
configure:4443: checking for C compiler version
configure:4452: gcc --version >&5
gcc (Debian 7.3.0-11) 7.3.0
Copyright (C) 2017 Free Software Foundation, Inc.
This is free software; see the source for copying conditions.  There is NO
warranty; not even for MERCHANTABILITY or FITNESS FOR A PARTICULAR PURPOSE.

configure:4463: $? = 0
configure:4452: gcc -v >&5
Using built-in specs.
COLLECT_GCC=gcc
COLLECT_LTO_WRAPPER=/usr/lib/gcc/x86_64-linux-gnu/7/lto-wrapper
OFFLOAD_TARGET_NAMES=nvptx-none
OFFLOAD_TARGET_DEFAULT=1
Target: x86_64-linux-gnu
Configured with: ../src/configure -v --with-pkgversion='Debian 7.3.0-11' --with-bugurl=file:///usr/share/doc/gcc-7/README.Bugs --enable-languages=c,ada,c++,go,brig,d,fortran,objc,obj-c++ --prefix=/usr --with-gcc-major-version-only --program-suffix=-7 --program-prefix=x86_64-linux-gnu- --enable-shared --enable-linker-build-id --libexecdir=/usr/lib --without-included-gettext --enable-threads=posix --libdir=/usr/lib --enable-nls --with-sysroot=/ --enable-clocale=gnu --enable-libstdcxx-debug --enable-libstdcxx-time=yes --with-default-libstdcxx-abi=new --enable-gnu-unique-object --disable-vtable-verify --enable-libmpx --enable-plugin --enable-default-pie --with-system-zlib --with-target-system-zlib --enable-objc-gc=auto --enable-multiarch --disable-werror --with-arch-32=i686 --with-abi=m64 --with-multilib-list=m32,m64,mx32 --enable-multilib --with-tune=generic --enable-offload-targets=nvptx-none --without-cuda-driver --enable-checking=release --build=x86_64-linux-gnu --host=x86_64-linux-gnu --target=x86_64-linux-gnu
Thread model: posix
gcc version 7.3.0 (Debian 7.3.0-11) 
configure:4463: $? = 0
configure:4452: gcc -V >&5
gcc: error: unrecognized command line option '-V'
gcc: fatal error: no input files
compilation terminated.
configure:4463: $? = 1
configure:4452: gcc -qversion >&5
gcc: error: unrecognized command line option '-qversion'; did you mean '--version'?
gcc: fatal error: no input files
compilation terminated.
configure:4463: $? = 1
configure:4483: checking whether the C compiler works
configure:4505: gcc    conftest.c  >&5
configure:4509: $? = 0
configure:4557: result: yes
configure:4560: checking for C compiler default output file name
configure:4562: result: a.out
configure:4568: checking for suffix of executables
configure:4575: gcc -o conftest    conftest.c  >&5
configure:4579: $? = 0
configure:4601: result: 
configure:4623: checking whether we are cross compiling
configure:4631: gcc -o conftest    conftest.c  >&5
configure:4635: $? = 0
configure:4642: ./conftest
configure:4646: $? = 0
configure:4661: result: no
configure:4666: checking for suffix of object files
configure:4688: gcc -c   conftest.c >&5
configure:4692: $? = 0
configure:4713: result: o
configure:4717: checking whether we are using the GNU C compiler
configure:4736: gcc -c   conftest.c >&5
configure:4736: $? = 0
configure:4745: result: yes
configure:4754: checking whether gcc accepts -g
configure:4774: gcc -c -g  conftest.c >&5
configure:4774: $? = 0
configure:4815: result: yes
configure:4832: checking for gcc option to accept ISO C89
configure:4895: gcc  -c -g -O2  conftest.c >&5
configure:4895: $? = 0
configure:4908: result: none needed
configure:4933: checking whether gcc understands -c and -o together
configure:4955: gcc -c conftest.c -o conftest2.o
configure:4958: $? = 0
configure:4955: gcc -c conftest.c -o conftest2.o
configure:4958: $? = 0
configure:4970: result: yes
configure:4989: checking dependency style of gcc
configure:5100: result: gcc3
configure:5165: checking for ar
configure:5181: found /usr/bin/ar
configure:5192: result: ar
configure:5218: checking the archiver (ar) interface
configure:5234: gcc -c -g -O2  conftest.c >&5
configure:5234: $? = 0
configure:5236: ar cru libconftest.a conftest.o >&5
ar: `u' modifier ignored since `D' is the default (see `U')
configure:5239: $? = 0
configure:5267: result: ar
configure:5317: checking build system type
configure:5331: result: x86_64-unknown-linux-gnu
configure:5351: checking host system type
configure:5364: result: x86_64-unknown-linux-gnu
configure:5405: checking how to print strings
configure:5432: result: printf
configure:5453: checking for a sed that does not truncate output
configure:5517: result: /bin/sed
configure:5535: checking for grep that handles long lines and -e
configure:5593: result: /bin/grep
configure:5598: checking for egrep
configure:5660: result: /bin/grep -E
configure:5665: checking for fgrep
configure:5727: result: /bin/grep -F
configure:5762: checking for ld used by gcc
configure:5829: result: /usr/bin/ld
configure:5836: checking if the linker (/usr/bin/ld) is GNU ld
configure:5851: result: yes
configure:5863: checking for BSD- or MS-compatible name lister (nm)
configure:5912: result: /usr/bin/nm -B
configure:6042: checking the name lister (/usr/bin/nm -B) interface
configure:6049: gcc -c -g -O2  conftest.c >&5
configure:6052: /usr/bin/nm -B "conftest.o"
configure:6055: output
0000000000000000 B some_variable
configure:6062: result: BSD nm
configure:6065: checking whether ln -s works
configure:6069: result: yes
configure:6077: checking the maximum length of command line arguments
configure:6208: result: 1572864
configure:6225: checking whether the shell understands some XSI constructs
configure:6235: result: yes
configure:6239: checking whether the shell understands "+="
configure:6245: result: yes
configure:6280: checking how to convert x86_64-unknown-linux-gnu file names to x86_64-unknown-linux-gnu format
configure:6320: result: func_convert_file_noop
configure:6327: checking how to convert x86_64-unknown-linux-gnu file names to toolchain format
configure:6347: result: func_convert_file_noop
configure:6354: checking for /usr/bin/ld option to reload object files
configure:6361: result: -r
configure:6435: checking for objdump
configure:6451: found /usr/bin/objdump
configure:6462: result: objdump
configure:6494: checking how to recognize dependent libraries
configure:6692: result: pass_all
configure:6777: checking for dlltool
configure:6807: result: no
configure:6837: checking how to associate runtime and link libraries
configure:6864: result: printf %s\n
configure:6988: checking for archiver @FILE support
configure:7005: gcc -c -g -O2  conftest.c >&5
configure:7005: $? = 0
configure:7008: ar cru libconftest.a @conftest.lst >&5
ar: `u' modifier ignored since `D' is the default (see `U')
configure:7011: $? = 0
configure:7016: ar cru libconftest.a @conftest.lst >&5
ar: `u' modifier ignored since `D' is the default (see `U')
ar: conftest.o: No such file or directory
configure:7019: $? = 1
configure:7031: result: @
configure:7089: checking for strip
configure:7105: found /usr/bin/strip
configure:7116: result: strip
configure:7188: checking for ranlib
configure:7204: found /usr/bin/ranlib
configure:7215: result: ranlib
configure:7317: checking command to parse /usr/bin/nm -B output from gcc object
configure:7437: gcc -c -g -O2  conftest.c >&5
configure:7440: $? = 0
configure:7444: /usr/bin/nm -B conftest.o \| sed -n -e 's/^.*[ ]\([ABCDGIRSTW][ABCDGIRSTW]*\)[ ][ ]*\([_A-Za-z][_A-Za-z0-9]*\)$/\1 \2 \2/p' | sed '/ __gnu_lto/d' \> conftest.nm
configure:7447: $? = 0
configure:7513: gcc -o conftest -g -O2   conftest.c conftstm.o >&5
configure:7516: $? = 0
configure:7554: result: ok
configure:7591: checking for sysroot
configure:7621: result: no
configure:7698: gcc -c -g -O2  conftest.c >&5
configure:7701: $? = 0
configure:7890: checking for mt
configure:7906: found /bin/mt
configure:7917: result: mt
configure:7940: checking if mt is a manifest tool
configure:7946: mt '-?'
configure:7954: result: no
configure:8596: checking how to run the C preprocessor
configure:8627: gcc -E  conftest.c
configure:8627: $? = 0
configure:8641: gcc -E  conftest.c
conftest.c:11:10: fatal error: ac_nonexistent.h: No such file or directory
 #include <ac_nonexistent.h>
          ^~~~~~~~~~~~~~~~~~
compilation terminated.
configure:8641: $? = 1
configure: failed program was:
| /* confdefs.h */
| #define PACKAGE_NAME "Snoopy Logger"
| #define PACKAGE_TARNAME "snoopy"
| #define PACKAGE_VERSION "2.4.6"
| #define PACKAGE_STRING "Snoopy Logger 2.4.6"
| #define PACKAGE_BUGREPORT "https://github.com/a2o/snoopy/issues/"
| #define PACKAGE_URL "https://github.com/a2o/snoopy/"
| #define PACKAGE "snoopy"
| #define VERSION "2.4.6"
| /* end confdefs.h.  */
| #include <ac_nonexistent.h>
configure:8666: result: gcc -E
configure:8686: gcc -E  conftest.c
configure:8686: $? = 0
configure:8700: gcc -E  conftest.c
conftest.c:11:10: fatal error: ac_nonexistent.h: No such file or directory
 #include <ac_nonexistent.h>
          ^~~~~~~~~~~~~~~~~~
compilation terminated.
configure:8700: $? = 1
configure: failed program was:
| /* confdefs.h */
| #define PACKAGE_NAME "Snoopy Logger"
| #define PACKAGE_TARNAME "snoopy"
| #define PACKAGE_VERSION "2.4.6"
| #define PACKAGE_STRING "Snoopy Logger 2.4.6"
| #define PACKAGE_BUGREPORT "https://github.com/a2o/snoopy/issues/"
| #define PACKAGE_URL "https://github.com/a2o/snoopy/"
| #define PACKAGE "snoopy"
| #define VERSION "2.4.6"
| /* end confdefs.h.  */
| #include <ac_nonexistent.h>
configure:8729: checking for ANSI C header files
configure:8749: gcc -c -g -O2  conftest.c >&5
configure:8749: $? = 0
configure:8822: gcc -o conftest -g -O2   conftest.c  >&5
configure:8822: $? = 0
configure:8822: ./conftest
configure:8822: $? = 0
configure:8833: result: yes
configure:8846: checking for sys/types.h
configure:8846: gcc -c -g -O2  conftest.c >&5
configure:8846: $? = 0
configure:8846: result: yes
configure:8846: checking for sys/stat.h
configure:8846: gcc -c -g -O2  conftest.c >&5
configure:8846: $? = 0
configure:8846: result: yes
configure:8846: checking for stdlib.h
configure:8846: gcc -c -g -O2  conftest.c >&5
configure:8846: $? = 0
configure:8846: result: yes
configure:8846: checking for string.h
configure:8846: gcc -c -g -O2  conftest.c >&5
configure:8846: $? = 0
configure:8846: result: yes
configure:8846: checking for memory.h
configure:8846: gcc -c -g -O2  conftest.c >&5
configure:8846: $? = 0
configure:8846: result: yes
configure:8846: checking for strings.h
configure:8846: gcc -c -g -O2  conftest.c >&5
configure:8846: $? = 0
configure:8846: result: yes
configure:8846: checking for inttypes.h
configure:8846: gcc -c -g -O2  conftest.c >&5
configure:8846: $? = 0
configure:8846: result: yes
configure:8846: checking for stdint.h
configure:8846: gcc -c -g -O2  conftest.c >&5
configure:8846: $? = 0
configure:8846: result: yes
configure:8846: checking for unistd.h
configure:8846: gcc -c -g -O2  conftest.c >&5
configure:8846: $? = 0
configure:8846: result: yes
configure:8860: checking for dlfcn.h
configure:8860: gcc -c -g -O2  conftest.c >&5
configure:8860: $? = 0
configure:8860: result: yes
configure:9065: checking for objdir
configure:9080: result: .libs
configure:9351: checking if gcc supports -fno-rtti -fno-exceptions
configure:9369: gcc -c -g -O2  -fno-rtti -fno-exceptions conftest.c >&5
cc1: warning: command line option '-fno-rtti' is valid for C++/ObjC++ but not for C
configure:9373: $? = 0
configure:9386: result: no
configure:9713: checking for gcc option to produce PIC
configure:9720: result: -fPIC -DPIC
configure:9728: checking if gcc PIC flag -fPIC -DPIC works
configure:9746: gcc -c -g -O2  -fPIC -DPIC -DPIC conftest.c >&5
configure:9750: $? = 0
configure:9763: result: yes
configure:9792: checking if gcc static flag -static works
configure:9820: result: yes
configure:9835: checking if gcc supports -c -o file.o
configure:9856: gcc -c -g -O2  -o out/conftest2.o conftest.c >&5
configure:9860: $? = 0
configure:9882: result: yes
configure:9890: checking if gcc supports -c -o file.o
configure:9937: result: yes
configure:9970: checking whether the gcc linker (/usr/bin/ld -m elf_x86_64) supports shared libraries
configure:11127: result: yes
configure:11164: checking whether -lc should be explicitly linked in
configure:11172: gcc -c -g -O2  conftest.c >&5
configure:11175: $? = 0
configure:11190: gcc -shared  -fPIC -DPIC conftest.o  -v -Wl,-soname -Wl,conftest -o conftest 2\>\&1 \| /bin/grep  -lc  \>/dev/null 2\>\&1
configure:11193: $? = 0
configure:11207: result: no
configure:11367: checking dynamic linker characteristics
configure:11867: gcc -o conftest -g -O2   -Wl,-rpath -Wl,/foo conftest.c  >&5
configure:11867: $? = 0
configure:12101: result: GNU/Linux ld.so
configure:12208: checking how to hardcode library paths into programs
configure:12233: result: immediate
configure:12773: checking whether stripping libraries is possible
configure:12778: result: yes
configure:12813: checking if libtool supports shared libraries
configure:12815: result: yes
configure:12818: checking whether to build shared libraries
configure:12839: result: yes
configure:12842: checking whether to build static libraries
configure:12846: result: no
configure:12890: checking for gawk
configure:12917: result: gawk
configure:12976: checking for gcc
configure:13003: result: gcc
configure:13232: checking for C compiler version
configure:13241: gcc --version >&5
gcc (Debian 7.3.0-11) 7.3.0
Copyright (C) 2017 Free Software Foundation, Inc.
This is free software; see the source for copying conditions.  There is NO
warranty; not even for MERCHANTABILITY or FITNESS FOR A PARTICULAR PURPOSE.

configure:13252: $? = 0
configure:13241: gcc -v >&5
Using built-in specs.
COLLECT_GCC=gcc
COLLECT_LTO_WRAPPER=/usr/lib/gcc/x86_64-linux-gnu/7/lto-wrapper
OFFLOAD_TARGET_NAMES=nvptx-none
OFFLOAD_TARGET_DEFAULT=1
Target: x86_64-linux-gnu
Configured with: ../src/configure -v --with-pkgversion='Debian 7.3.0-11' --with-bugurl=file:///usr/share/doc/gcc-7/README.Bugs --enable-languages=c,ada,c++,go,brig,d,fortran,objc,obj-c++ --prefix=/usr --with-gcc-major-version-only --program-suffix=-7 --program-prefix=x86_64-linux-gnu- --enable-shared --enable-linker-build-id --libexecdir=/usr/lib --without-included-gettext --enable-threads=posix --libdir=/usr/lib --enable-nls --with-sysroot=/ --enable-clocale=gnu --enable-libstdcxx-debug --enable-libstdcxx-time=yes --with-default-libstdcxx-abi=new --enable-gnu-unique-object --disable-vtable-verify --enable-libmpx --enable-plugin --enable-default-pie --with-system-zlib --with-target-system-zlib --enable-objc-gc=auto --enable-multiarch --disable-werror --with-arch-32=i686 --with-abi=m64 --with-multilib-list=m32,m64,mx32 --enable-multilib --with-tune=generic --enable-offload-targets=nvptx-none --without-cuda-driver --enable-checking=release --build=x86_64-linux-gnu --host=x86_64-linux-gnu --target=x86_64-linux-gnu
Thread model: posix
gcc version 7.3.0 (Debian 7.3.0-11) 
configure:13252: $? = 0
configure:13241: gcc -V >&5
gcc: error: unrecognized command line option '-V'
gcc: fatal error: no input files
compilation terminated.
configure:13252: $? = 1
configure:13241: gcc -qversion >&5
gcc: error: unrecognized command line option '-qversion'; did you mean '--version'?
gcc: fatal error: no input files
compilation terminated.
configure:13252: $? = 1
configure:13256: checking whether we are using the GNU C compiler
configure:13284: result: yes
configure:13293: checking whether gcc accepts -g
configure:13354: result: yes
configure:13371: checking for gcc option to accept ISO C89
configure:13447: result: none needed
configure:13472: checking whether gcc understands -c and -o together
configure:13509: result: yes
configure:13528: checking dependency style of gcc
configure:13639: result: gcc3
configure:13659: checking how to run the C preprocessor
configure:13729: result: gcc -E
configure:13749: gcc -E  conftest.c
configure:13749: $? = 0
configure:13763: gcc -E  conftest.c
conftest.c:23:10: fatal error: ac_nonexistent.h: No such file or directory
 #include <ac_nonexistent.h>
          ^~~~~~~~~~~~~~~~~~
compilation terminated.
configure:13763: $? = 1
configure: failed program was:
| /* confdefs.h */
| #define PACKAGE_NAME "Snoopy Logger"
| #define PACKAGE_TARNAME "snoopy"
| #define PACKAGE_VERSION "2.4.6"
| #define PACKAGE_STRING "Snoopy Logger 2.4.6"
| #define PACKAGE_BUGREPORT "https://github.com/a2o/snoopy/issues/"
| #define PACKAGE_URL "https://github.com/a2o/snoopy/"
| #define PACKAGE "snoopy"
| #define VERSION "2.4.6"
| #define STDC_HEADERS 1
| #define HAVE_SYS_TYPES_H 1
| #define HAVE_SYS_STAT_H 1
| #define HAVE_STDLIB_H 1
| #define HAVE_STRING_H 1
| #define HAVE_MEMORY_H 1
| #define HAVE_STRINGS_H 1
| #define HAVE_INTTYPES_H 1
| #define HAVE_STDINT_H 1
| #define HAVE_UNISTD_H 1
| #define HAVE_DLFCN_H 1
| #define LT_OBJDIR ".libs/"
| /* end confdefs.h.  */
| #include <ac_nonexistent.h>
configure:13849: checking for g++
configure:13865: found /usr/bin/g++
configure:13876: result: g++
configure:13903: checking for C++ compiler version
configure:13912: g++ --version >&5
g++ (Debian 7.3.0-11) 7.3.0
Copyright (C) 2017 Free Software Foundation, Inc.
This is free software; see the source for copying conditions.  There is NO
warranty; not even for MERCHANTABILITY or FITNESS FOR A PARTICULAR PURPOSE.

configure:13923: $? = 0
configure:13912: g++ -v >&5
Using built-in specs.
COLLECT_GCC=g++
COLLECT_LTO_WRAPPER=/usr/lib/gcc/x86_64-linux-gnu/7/lto-wrapper
OFFLOAD_TARGET_NAMES=nvptx-none
OFFLOAD_TARGET_DEFAULT=1
Target: x86_64-linux-gnu
Configured with: ../src/configure -v --with-pkgversion='Debian 7.3.0-11' --with-bugurl=file:///usr/share/doc/gcc-7/README.Bugs --enable-languages=c,ada,c++,go,brig,d,fortran,objc,obj-c++ --prefix=/usr --with-gcc-major-version-only --program-suffix=-7 --program-prefix=x86_64-linux-gnu- --enable-shared --enable-linker-build-id --libexecdir=/usr/lib --without-included-gettext --enable-threads=posix --libdir=/usr/lib --enable-nls --with-sysroot=/ --enable-clocale=gnu --enable-libstdcxx-debug --enable-libstdcxx-time=yes --with-default-libstdcxx-abi=new --enable-gnu-unique-object --disable-vtable-verify --enable-libmpx --enable-plugin --enable-default-pie --with-system-zlib --with-target-system-zlib --enable-objc-gc=auto --enable-multiarch --disable-werror --with-arch-32=i686 --with-abi=m64 --with-multilib-list=m32,m64,mx32 --enable-multilib --with-tune=generic --enable-offload-targets=nvptx-none --without-cuda-driver --enable-checking=release --build=x86_64-linux-gnu --host=x86_64-linux-gnu --target=x86_64-linux-gnu
Thread model: posix
gcc version 7.3.0 (Debian 7.3.0-11) 
configure:13923: $? = 0
configure:13912: g++ -V >&5
g++: error: unrecognized command line option '-V'
g++: fatal error: no input files
compilation terminated.
configure:13923: $? = 1
configure:13912: g++ -qversion >&5
g++: error: unrecognized command line option '-qversion'; did you mean '--version'?
g++: fatal error: no input files
compilation terminated.
configure:13923: $? = 1
configure:13927: checking whether we are using the GNU C++ compiler
configure:13946: g++ -c   conftest.cpp >&5
configure:13946: $? = 0
configure:13955: result: yes
configure:13964: checking whether g++ accepts -g
configure:13984: g++ -c -g  conftest.cpp >&5
configure:13984: $? = 0
configure:14025: result: yes
configure:14050: checking dependency style of g++
configure:14161: result: gcc3
configure:14194: checking how to run the C++ preprocessor
configure:14221: g++ -E  conftest.cpp
configure:14221: $? = 0
configure:14235: g++ -E  conftest.cpp
conftest.cpp:23:10: fatal error: ac_nonexistent.h: No such file or directory
 #include <ac_nonexistent.h>
          ^~~~~~~~~~~~~~~~~~
compilation terminated.
configure:14235: $? = 1
configure: failed program was:
| /* confdefs.h */
| #define PACKAGE_NAME "Snoopy Logger"
| #define PACKAGE_TARNAME "snoopy"
| #define PACKAGE_VERSION "2.4.6"
| #define PACKAGE_STRING "Snoopy Logger 2.4.6"
| #define PACKAGE_BUGREPORT "https://github.com/a2o/snoopy/issues/"
| #define PACKAGE_URL "https://github.com/a2o/snoopy/"
| #define PACKAGE "snoopy"
| #define VERSION "2.4.6"
| #define STDC_HEADERS 1
| #define HAVE_SYS_TYPES_H 1
| #define HAVE_SYS_STAT_H 1
| #define HAVE_STDLIB_H 1
| #define HAVE_STRING_H 1
| #define HAVE_MEMORY_H 1
| #define HAVE_STRINGS_H 1
| #define HAVE_INTTYPES_H 1
| #define HAVE_STDINT_H 1
| #define HAVE_UNISTD_H 1
| #define HAVE_DLFCN_H 1
| #define LT_OBJDIR ".libs/"
| /* end confdefs.h.  */
| #include <ac_nonexistent.h>
configure:14260: result: g++ -E
configure:14280: g++ -E  conftest.cpp
configure:14280: $? = 0
configure:14294: g++ -E  conftest.cpp
conftest.cpp:23:10: fatal error: ac_nonexistent.h: No such file or directory
 #include <ac_nonexistent.h>
          ^~~~~~~~~~~~~~~~~~
compilation terminated.
configure:14294: $? = 1
configure: failed program was:
| /* confdefs.h */
| #define PACKAGE_NAME "Snoopy Logger"
| #define PACKAGE_TARNAME "snoopy"
| #define PACKAGE_VERSION "2.4.6"
| #define PACKAGE_STRING "Snoopy Logger 2.4.6"
| #define PACKAGE_BUGREPORT "https://github.com/a2o/snoopy/issues/"
| #define PACKAGE_URL "https://github.com/a2o/snoopy/"
| #define PACKAGE "snoopy"
| #define VERSION "2.4.6"
| #define STDC_HEADERS 1
| #define HAVE_SYS_TYPES_H 1
| #define HAVE_SYS_STAT_H 1
| #define HAVE_STDLIB_H 1
| #define HAVE_STRING_H 1
| #define HAVE_MEMORY_H 1
| #define HAVE_STRINGS_H 1
| #define HAVE_INTTYPES_H 1
| #define HAVE_STDINT_H 1
| #define HAVE_UNISTD_H 1
| #define HAVE_DLFCN_H 1
| #define LT_OBJDIR ".libs/"
| /* end confdefs.h.  */
| #include <ac_nonexistent.h>
configure:14463: checking for ld used by g++
configure:14530: result: /usr/bin/ld -m elf_x86_64
configure:14537: checking if the linker (/usr/bin/ld -m elf_x86_64) is GNU ld
configure:14552: result: yes
configure:14607: checking whether the g++ linker (/usr/bin/ld -m elf_x86_64) supports shared libraries
configure:15609: result: yes
configure:15645: g++ -c -g -O2  conftest.cpp >&5
configure:15648: $? = 0
configure:16168: checking for g++ option to produce PIC
configure:16175: result: -fPIC -DPIC
configure:16183: checking if g++ PIC flag -fPIC -DPIC works
configure:16201: g++ -c -g -O2  -fPIC -DPIC -DPIC conftest.cpp >&5
configure:16205: $? = 0
configure:16218: result: yes
configure:16241: checking if g++ static flag -static works
configure:16269: result: yes
configure:16281: checking if g++ supports -c -o file.o
configure:16302: g++ -c -g -O2  -o out/conftest2.o conftest.cpp >&5
configure:16306: $? = 0
configure:16328: result: yes
configure:16333: checking if g++ supports -c -o file.o
configure:16380: result: yes
configure:16410: checking whether the g++ linker (/usr/bin/ld -m elf_x86_64) supports shared libraries
configure:16449: result: yes
configure:16590: checking dynamic linker characteristics
configure:17258: result: GNU/Linux ld.so
configure:17311: checking how to hardcode library paths into programs
configure:17336: result: immediate
configure:17376: checking for grep that handles long lines and -e
configure:17434: result: /bin/grep
configure:17441: checking whether ln -s works
configure:17445: result: yes
configure:17452: checking whether make sets $(MAKE)
configure:17474: result: yes
configure:17527: checking for ranlib
configure:17554: result: ranlib
configure:17577: checking for a sed that does not truncate output
configure:17641: result: /bin/sed
configure:17654: checking for dirname
configure:17670: found /usr/bin/dirname
configure:17681: result: yes
configure:17696: checking for readlink
configure:17712: found /bin/readlink
configure:17723: result: yes
configure:17738: checking for socat
configure:17754: found /usr/bin/socat
configure:17765: result: yes
configure:17780: checking for wc
configure:17796: found /usr/bin/wc
configure:17807: result: yes
configure:17822: checking for dlsym in -ldl
configure:17847: gcc -o conftest -g -O2   conftest.c -ldl   >&5
configure:17847: $? = 0
configure:17856: result: yes
configure:17895: checking ctype.h usability
configure:17895: gcc -c -g -O2  conftest.c >&5
configure:17895: $? = 0
configure:17895: result: yes
configure:17895: checking ctype.h presence
configure:17895: gcc -E  conftest.c
configure:17895: $? = 0
configure:17895: result: yes
configure:17895: checking for ctype.h
configure:17895: result: yes
configure:17895: checking for dlfcn.h
configure:17895: result: yes
configure:17895: checking errno.h usability
configure:17895: gcc -c -g -O2  conftest.c >&5
configure:17895: $? = 0
configure:17895: result: yes
configure:17895: checking errno.h presence
configure:17895: gcc -E  conftest.c
configure:17895: $? = 0
configure:17895: result: yes
configure:17895: checking for errno.h
configure:17895: result: yes
configure:17895: checking features.h usability
configure:17895: gcc -c -g -O2  conftest.c >&5
configure:17895: $? = 0
configure:17895: result: yes
configure:17895: checking features.h presence
configure:17895: gcc -E  conftest.c
configure:17895: $? = 0
configure:17895: result: yes
configure:17895: checking for features.h
configure:17895: result: yes
configure:17895: checking grp.h usability
configure:17895: gcc -c -g -O2  conftest.c >&5
configure:17895: $? = 0
configure:17895: result: yes
configure:17895: checking grp.h presence
configure:17895: gcc -E  conftest.c
configure:17895: $? = 0
configure:17895: result: yes
configure:17895: checking for grp.h
configure:17895: result: yes
configure:17895: checking limits.h usability
configure:17895: gcc -c -g -O2  conftest.c >&5
configure:17895: $? = 0
configure:17895: result: yes
configure:17895: checking limits.h presence
configure:17895: gcc -E  conftest.c
configure:17895: $? = 0
configure:17895: result: yes
configure:17895: checking for limits.h
configure:17895: result: yes
configure:17895: checking pwd.h usability
configure:17895: gcc -c -g -O2  conftest.c >&5
configure:17895: $? = 0
configure:17895: result: yes
configure:17895: checking pwd.h presence
configure:17895: gcc -E  conftest.c
configure:17895: $? = 0
configure:17895: result: yes
configure:17895: checking for pwd.h
configure:17895: result: yes
configure:17895: checking stdio.h usability
configure:17895: gcc -c -g -O2  conftest.c >&5
configure:17895: $? = 0
configure:17895: result: yes
configure:17895: checking stdio.h presence
configure:17895: gcc -E  conftest.c
configure:17895: $? = 0
configure:17895: result: yes
configure:17895: checking for stdio.h
configure:17895: result: yes
configure:17895: checking for stdlib.h
configure:17895: result: yes
configure:17895: checking for string.h
configure:17895: result: yes
configure:17895: checking syslog.h usability
configure:17895: gcc -c -g -O2  conftest.c >&5
configure:17895: $? = 0
configure:17895: result: yes
configure:17895: checking syslog.h presence
configure:17895: gcc -E  conftest.c
configure:17895: $? = 0
configure:17895: result: yes
configure:17895: checking for syslog.h
configure:17895: result: yes
configure:17895: checking sys/socket.h usability
configure:17895: gcc -c -g -O2  conftest.c >&5
configure:17895: $? = 0
configure:17895: result: yes
configure:17895: checking sys/socket.h presence
configure:17895: gcc -E  conftest.c
configure:17895: $? = 0
configure:17895: result: yes
configure:17895: checking for sys/socket.h
configure:17895: result: yes
configure:17895: checking for sys/stat.h
configure:17895: result: yes
configure:17895: checking sys/syscall.h usability
configure:17895: gcc -c -g -O2  conftest.c >&5
configure:17895: $? = 0
configure:17895: result: yes
configure:17895: checking sys/syscall.h presence
configure:17895: gcc -E  conftest.c
configure:17895: $? = 0
configure:17895: result: yes
configure:17895: checking for sys/syscall.h
configure:17895: result: yes
configure:17895: checking sys/time.h usability
configure:17895: gcc -c -g -O2  conftest.c >&5
configure:17895: $? = 0
configure:17895: result: yes
configure:17895: checking sys/time.h presence
configure:17895: gcc -E  conftest.c
configure:17895: $? = 0
configure:17895: result: yes
configure:17895: checking for sys/time.h
configure:17895: result: yes
configure:17895: checking for sys/types.h
configure:17895: result: yes
configure:17895: checking sys/un.h usability
configure:17895: gcc -c -g -O2  conftest.c >&5
configure:17895: $? = 0
configure:17895: result: yes
configure:17895: checking sys/un.h presence
configure:17895: gcc -E  conftest.c
configure:17895: $? = 0
configure:17895: result: yes
configure:17895: checking for sys/un.h
configure:17895: result: yes
configure:17895: checking time.h usability
configure:17895: gcc -c -g -O2  conftest.c >&5
configure:17895: $? = 0
configure:17895: result: yes
configure:17895: checking time.h presence
configure:17895: gcc -E  conftest.c
configure:17895: $? = 0
configure:17895: result: yes
configure:17895: checking for time.h
configure:17895: result: yes
configure:17895: checking for unistd.h
configure:17895: result: yes
configure:17910: checking for inline
configure:17926: gcc -c -g -O2  conftest.c >&5
configure:17926: $? = 0
configure:17934: result: inline
configure:17952: checking for pid_t
configure:17952: gcc -c -g -O2  conftest.c >&5
configure:17952: $? = 0
configure:17952: gcc -c -g -O2  conftest.c >&5
conftest.c: In function 'main':
conftest.c:79:20: error: expected expression before ')' token
 if (sizeof ((pid_t)))
                    ^
configure:17952: $? = 1
configure: failed program was:
| /* confdefs.h */
| #define PACKAGE_NAME "Snoopy Logger"
| #define PACKAGE_TARNAME "snoopy"
| #define PACKAGE_VERSION "2.4.6"
| #define PACKAGE_STRING "Snoopy Logger 2.4.6"
| #define PACKAGE_BUGREPORT "https://github.com/a2o/snoopy/issues/"
| #define PACKAGE_URL "https://github.com/a2o/snoopy/"
| #define PACKAGE "snoopy"
| #define VERSION "2.4.6"
| #define STDC_HEADERS 1
| #define HAVE_SYS_TYPES_H 1
| #define HAVE_SYS_STAT_H 1
| #define HAVE_STDLIB_H 1
| #define HAVE_STRING_H 1
| #define HAVE_MEMORY_H 1
| #define HAVE_STRINGS_H 1
| #define HAVE_INTTYPES_H 1
| #define HAVE_STDINT_H 1
| #define HAVE_UNISTD_H 1
| #define HAVE_DLFCN_H 1
| #define LT_OBJDIR ".libs/"
| #define HAVE_LIBDL 1
| #define HAVE_CTYPE_H 1
| #define HAVE_DLFCN_H 1
| #define HAVE_ERRNO_H 1
| #define HAVE_FEATURES_H 1
| #define HAVE_GRP_H 1
| #define HAVE_LIMITS_H 1
| #define HAVE_PWD_H 1
| #define HAVE_STDIO_H 1
| #define HAVE_STDLIB_H 1
| #define HAVE_STRING_H 1
| #define HAVE_SYSLOG_H 1
| #define HAVE_SYS_SOCKET_H 1
| #define HAVE_SYS_STAT_H 1
| #define HAVE_SYS_SYSCALL_H 1
| #define HAVE_SYS_TIME_H 1
| #define HAVE_SYS_TYPES_H 1
| #define HAVE_SYS_UN_H 1
| #define HAVE_TIME_H 1
| #define HAVE_UNISTD_H 1
| /* end confdefs.h.  */
| #include <stdio.h>
| #ifdef HAVE_SYS_TYPES_H
| # include <sys/types.h>
| #endif
| #ifdef HAVE_SYS_STAT_H
| # include <sys/stat.h>
| #endif
| #ifdef STDC_HEADERS
| # include <stdlib.h>
| # include <stddef.h>
| #else
| # ifdef HAVE_STDLIB_H
| #  include <stdlib.h>
| # endif
| #endif
| #ifdef HAVE_STRING_H
| # if !defined STDC_HEADERS && defined HAVE_MEMORY_H
| #  include <memory.h>
| # endif
| # include <string.h>
| #endif
| #ifdef HAVE_STRINGS_H
| # include <strings.h>
| #endif
| #ifdef HAVE_INTTYPES_H
| # include <inttypes.h>
| #endif
| #ifdef HAVE_STDINT_H
| # include <stdint.h>
| #endif
| #ifdef HAVE_UNISTD_H
| # include <unistd.h>
| #endif
| int
| main ()
| {
| if (sizeof ((pid_t)))
| 	    return 0;
|   ;
|   return 0;
| }
configure:17952: result: yes
configure:17963: checking for size_t
configure:17963: gcc -c -g -O2  conftest.c >&5
configure:17963: $? = 0
configure:17963: gcc -c -g -O2  conftest.c >&5
conftest.c: In function 'main':
conftest.c:79:21: error: expected expression before ')' token
 if (sizeof ((size_t)))
                     ^
configure:17963: $? = 1
configure: failed program was:
| /* confdefs.h */
| #define PACKAGE_NAME "Snoopy Logger"
| #define PACKAGE_TARNAME "snoopy"
| #define PACKAGE_VERSION "2.4.6"
| #define PACKAGE_STRING "Snoopy Logger 2.4.6"
| #define PACKAGE_BUGREPORT "https://github.com/a2o/snoopy/issues/"
| #define PACKAGE_URL "https://github.com/a2o/snoopy/"
| #define PACKAGE "snoopy"
| #define VERSION "2.4.6"
| #define STDC_HEADERS 1
| #define HAVE_SYS_TYPES_H 1
| #define HAVE_SYS_STAT_H 1
| #define HAVE_STDLIB_H 1
| #define HAVE_STRING_H 1
| #define HAVE_MEMORY_H 1
| #define HAVE_STRINGS_H 1
| #define HAVE_INTTYPES_H 1
| #define HAVE_STDINT_H 1
| #define HAVE_UNISTD_H 1
| #define HAVE_DLFCN_H 1
| #define LT_OBJDIR ".libs/"
| #define HAVE_LIBDL 1
| #define HAVE_CTYPE_H 1
| #define HAVE_DLFCN_H 1
| #define HAVE_ERRNO_H 1
| #define HAVE_FEATURES_H 1
| #define HAVE_GRP_H 1
| #define HAVE_LIMITS_H 1
| #define HAVE_PWD_H 1
| #define HAVE_STDIO_H 1
| #define HAVE_STDLIB_H 1
| #define HAVE_STRING_H 1
| #define HAVE_SYSLOG_H 1
| #define HAVE_SYS_SOCKET_H 1
| #define HAVE_SYS_STAT_H 1
| #define HAVE_SYS_SYSCALL_H 1
| #define HAVE_SYS_TIME_H 1
| #define HAVE_SYS_TYPES_H 1
| #define HAVE_SYS_UN_H 1
| #define HAVE_TIME_H 1
| #define HAVE_UNISTD_H 1
| /* end confdefs.h.  */
| #include <stdio.h>
| #ifdef HAVE_SYS_TYPES_H
| # include <sys/types.h>
| #endif
| #ifdef HAVE_SYS_STAT_H
| # include <sys/stat.h>
| #endif
| #ifdef STDC_HEADERS
| # include <stdlib.h>
| # include <stddef.h>
| #else
| # ifdef HAVE_STDLIB_H
| #  include <stdlib.h>
| # endif
| #endif
| #ifdef HAVE_STRING_H
| # if !defined STDC_HEADERS && defined HAVE_MEMORY_H
| #  include <memory.h>
| # endif
| # include <string.h>
| #endif
| #ifdef HAVE_STRINGS_H
| # include <strings.h>
| #endif
| #ifdef HAVE_INTTYPES_H
| # include <inttypes.h>
| #endif
| #ifdef HAVE_STDINT_H
| # include <stdint.h>
| #endif
| #ifdef HAVE_UNISTD_H
| # include <unistd.h>
| #endif
| int
| main ()
| {
| if (sizeof ((size_t)))
| 	    return 0;
|   ;
|   return 0;
| }
configure:17963: result: yes
configure:17974: checking for uid_t in sys/types.h
configure:17993: result: yes
configure:18007: checking vfork.h usability
configure:18007: gcc -c -g -O2  conftest.c >&5
conftest.c:76:10: fatal error: vfork.h: No such file or directory
 #include <vfork.h>
          ^~~~~~~~~
compilation terminated.
configure:18007: $? = 1
configure: failed program was:
| /* confdefs.h */
| #define PACKAGE_NAME "Snoopy Logger"
| #define PACKAGE_TARNAME "snoopy"
| #define PACKAGE_VERSION "2.4.6"
| #define PACKAGE_STRING "Snoopy Logger 2.4.6"
| #define PACKAGE_BUGREPORT "https://github.com/a2o/snoopy/issues/"
| #define PACKAGE_URL "https://github.com/a2o/snoopy/"
| #define PACKAGE "snoopy"
| #define VERSION "2.4.6"
| #define STDC_HEADERS 1
| #define HAVE_SYS_TYPES_H 1
| #define HAVE_SYS_STAT_H 1
| #define HAVE_STDLIB_H 1
| #define HAVE_STRING_H 1
| #define HAVE_MEMORY_H 1
| #define HAVE_STRINGS_H 1
| #define HAVE_INTTYPES_H 1
| #define HAVE_STDINT_H 1
| #define HAVE_UNISTD_H 1
| #define HAVE_DLFCN_H 1
| #define LT_OBJDIR ".libs/"
| #define HAVE_LIBDL 1
| #define HAVE_CTYPE_H 1
| #define HAVE_DLFCN_H 1
| #define HAVE_ERRNO_H 1
| #define HAVE_FEATURES_H 1
| #define HAVE_GRP_H 1
| #define HAVE_LIMITS_H 1
| #define HAVE_PWD_H 1
| #define HAVE_STDIO_H 1
| #define HAVE_STDLIB_H 1
| #define HAVE_STRING_H 1
| #define HAVE_SYSLOG_H 1
| #define HAVE_SYS_SOCKET_H 1
| #define HAVE_SYS_STAT_H 1
| #define HAVE_SYS_SYSCALL_H 1
| #define HAVE_SYS_TIME_H 1
| #define HAVE_SYS_TYPES_H 1
| #define HAVE_SYS_UN_H 1
| #define HAVE_TIME_H 1
| #define HAVE_UNISTD_H 1
| /* end confdefs.h.  */
| #include <stdio.h>
| #ifdef HAVE_SYS_TYPES_H
| # include <sys/types.h>
| #endif
| #ifdef HAVE_SYS_STAT_H
| # include <sys/stat.h>
| #endif
| #ifdef STDC_HEADERS
| # include <stdlib.h>
| # include <stddef.h>
| #else
| # ifdef HAVE_STDLIB_H
| #  include <stdlib.h>
| # endif
| #endif
| #ifdef HAVE_STRING_H
| # if !defined STDC_HEADERS && defined HAVE_MEMORY_H
| #  include <memory.h>
| # endif
| # include <string.h>
| #endif
| #ifdef HAVE_STRINGS_H
| # include <strings.h>
| #endif
| #ifdef HAVE_INTTYPES_H
| # include <inttypes.h>
| #endif
| #ifdef HAVE_STDINT_H
| # include <stdint.h>
| #endif
| #ifdef HAVE_UNISTD_H
| # include <unistd.h>
| #endif
| #include <vfork.h>
configure:18007: result: no
configure:18007: checking vfork.h presence
configure:18007: gcc -E  conftest.c
conftest.c:43:10: fatal error: vfork.h: No such file or directory
 #include <vfork.h>
          ^~~~~~~~~
compilation terminated.
configure:18007: $? = 1
configure: failed program was:
| /* confdefs.h */
| #define PACKAGE_NAME "Snoopy Logger"
| #define PACKAGE_TARNAME "snoopy"
| #define PACKAGE_VERSION "2.4.6"
| #define PACKAGE_STRING "Snoopy Logger 2.4.6"
| #define PACKAGE_BUGREPORT "https://github.com/a2o/snoopy/issues/"
| #define PACKAGE_URL "https://github.com/a2o/snoopy/"
| #define PACKAGE "snoopy"
| #define VERSION "2.4.6"
| #define STDC_HEADERS 1
| #define HAVE_SYS_TYPES_H 1
| #define HAVE_SYS_STAT_H 1
| #define HAVE_STDLIB_H 1
| #define HAVE_STRING_H 1
| #define HAVE_MEMORY_H 1
| #define HAVE_STRINGS_H 1
| #define HAVE_INTTYPES_H 1
| #define HAVE_STDINT_H 1
| #define HAVE_UNISTD_H 1
| #define HAVE_DLFCN_H 1
| #define LT_OBJDIR ".libs/"
| #define HAVE_LIBDL 1
| #define HAVE_CTYPE_H 1
| #define HAVE_DLFCN_H 1
| #define HAVE_ERRNO_H 1
| #define HAVE_FEATURES_H 1
| #define HAVE_GRP_H 1
| #define HAVE_LIMITS_H 1
| #define HAVE_PWD_H 1
| #define HAVE_STDIO_H 1
| #define HAVE_STDLIB_H 1
| #define HAVE_STRING_H 1
| #define HAVE_SYSLOG_H 1
| #define HAVE_SYS_SOCKET_H 1
| #define HAVE_SYS_STAT_H 1
| #define HAVE_SYS_SYSCALL_H 1
| #define HAVE_SYS_TIME_H 1
| #define HAVE_SYS_TYPES_H 1
| #define HAVE_SYS_UN_H 1
| #define HAVE_TIME_H 1
| #define HAVE_UNISTD_H 1
| /* end confdefs.h.  */
| #include <vfork.h>
configure:18007: result: no
configure:18007: checking for vfork.h
configure:18007: result: no
configure:18020: checking for fork
configure:18020: gcc -o conftest -g -O2   conftest.c -ldl  >&5
conftest.c:66:6: warning: conflicting types for built-in function 'fork' [-Wbuiltin-declaration-mismatch]
 char fork ();
      ^~~~
configure:18020: $? = 0
configure:18020: result: yes
configure:18020: checking for vfork
configure:18020: gcc -o conftest -g -O2   conftest.c -ldl  >&5
configure:18020: $? = 0
configure:18020: result: yes
configure:18030: checking for working fork
configure:18052: gcc -o conftest -g -O2   conftest.c -ldl  >&5
configure:18052: $? = 0
configure:18052: ./conftest
configure:18052: $? = 0
configure:18062: result: yes
configure:18083: checking for working vfork
configure:18193: result: yes
configure:18220: checking for stdlib.h
configure:18220: result: yes
configure:18230: checking for GNU libc compatible malloc
configure:18254: gcc -o conftest -g -O2   conftest.c -ldl  >&5
configure:18254: $? = 0
configure:18254: ./conftest
configure:18254: $? = 0
configure:18264: result: yes
configure:18298: checking for getcwd
configure:18298: gcc -o conftest -g -O2   conftest.c -ldl  >&5
configure:18298: $? = 0
configure:18298: result: yes
configure:18298: checking for gethostname
configure:18298: gcc -o conftest -g -O2   conftest.c -ldl  >&5
configure:18298: $? = 0
configure:18298: result: yes
configure:18298: checking for getsid
configure:18298: gcc -o conftest -g -O2   conftest.c -ldl  >&5
configure:18298: $? = 0
configure:18298: result: yes
configure:18298: checking for gettimeofday
configure:18298: gcc -o conftest -g -O2   conftest.c -ldl  >&5
configure:18298: $? = 0
configure:18298: result: yes
configure:18298: checking for localtime_r
configure:18298: gcc -o conftest -g -O2   conftest.c -ldl  >&5
configure:18298: $? = 0
configure:18298: result: yes
configure:18298: checking for socket
configure:18298: gcc -o conftest -g -O2   conftest.c -ldl  >&5
configure:18298: $? = 0
configure:18298: result: yes
configure:18298: checking for strchr
configure:18298: gcc -o conftest -g -O2   conftest.c -ldl  >&5
conftest.c:78:6: warning: conflicting types for built-in function 'strchr' [-Wbuiltin-declaration-mismatch]
 char strchr ();
      ^~~~~~
configure:18298: $? = 0
configure:18298: result: yes
configure:18298: checking for strdup
configure:18298: gcc -o conftest -g -O2   conftest.c -ldl  >&5
conftest.c:79:6: warning: conflicting types for built-in function 'strdup' [-Wbuiltin-declaration-mismatch]
 char strdup ();
      ^~~~~~
configure:18298: $? = 0
configure:18298: result: yes
configure:18298: checking for strstr
configure:18298: gcc -o conftest -g -O2   conftest.c -ldl  >&5
conftest.c:80:6: warning: conflicting types for built-in function 'strstr' [-Wbuiltin-declaration-mismatch]
 char strstr ();
      ^~~~~~
configure:18298: $? = 0
configure:18298: result: yes
configure:18354: ======================================================================
configure:18403: Snoopy all features enabled/disabled: no - using defaults
configure:18410: -
configure:18440: Snoopy config file enabled:   yes
configure:18455: Snoopy config file path:      /etc/snoopy.ini
configure:18505: Snoopy error logging enabled: no
configure:18550: Snoopy thread safety enabled: no
configure:18558: -
configure:18663: Snoopy datasource enabled: cmdline ............... YES
configure:18745: Snoopy datasource enabled: cwd ................... YES
configure:18827: Snoopy datasource enabled: datetime .............. YES
configure:18909: Snoopy datasource enabled: domain ................ YES
configure:18991: Snoopy datasource enabled: egid .................. YES
configure:19073: Snoopy datasource enabled: egroup ................ YES
configure:19155: Snoopy datasource enabled: env ................... YES
configure:19237: Snoopy datasource enabled: env_all ............... YES
configure:19319: Snoopy datasource enabled: euid .................. YES
configure:19401: Snoopy datasource enabled: eusername ............. YES
configure:19483: Snoopy datasource enabled: filename .............. YES
configure:19565: Snoopy datasource enabled: gid ................... YES
configure:19647: Snoopy datasource enabled: group ................. YES
configure:19729: Snoopy datasource enabled: hostname .............. YES
configure:19811: Snoopy datasource enabled: login ................. YES
configure:19893: Snoopy datasource enabled: pid ................... YES
configure:19975: Snoopy datasource enabled: ppid .................. YES
configure:20057: Snoopy datasource enabled: rpname ................ YES
configure:20139: Snoopy datasource enabled: sid ................... YES
configure:20221: Snoopy datasource enabled: snoopy_literal ........ YES
configure:20303: Snoopy datasource enabled: snoopy_threads ........ YES
configure:20348: Snoopy datasource enabled: snoopy_version ........ YES (forced)
configure:20424: Snoopy datasource enabled: tid ................... YES
configure:20506: Snoopy datasource enabled: tid_kernel ............ YES
configure:20588: Snoopy datasource enabled: timestamp ............. YES
configure:20670: Snoopy datasource enabled: timestamp_ms .......... YES
configure:20752: Snoopy datasource enabled: timestamp_us .......... YES
configure:20834: Snoopy datasource enabled: tty ................... YES
configure:20916: Snoopy datasource enabled: tty_uid ............... YES
configure:20998: Snoopy datasource enabled: tty_username .......... YES
configure:21080: Snoopy datasource enabled: uid ................... YES
configure:21162: Snoopy datasource enabled: username .............. YES
configure:21207: Snoopy default message format: "[uid:%{uid} sid:%{sid} tty:%{tty} cwd:%{cwd} filename:%{filename}]: %{cmdline}"
configure:21217: -
configure:21273: Snoopy filtering subsystem enabled: yes
configure:21382: Snoopy filter enabled: exclude_spawns_of ......... YES
configure:21467: Snoopy filter enabled: exclude_uid ............... YES
configure:21552: Snoopy filter enabled: only_root ................. YES
configure:21637: Snoopy filter enabled: only_tty .................. YES
configure:21722: Snoopy filter enabled: only_uid .................. YES
configure:21771: Snoopy default filter chain: (none)
configure:21781: -
configure:21882: Snoopy output enabled: devlog .................... YES
configure:21960: Snoopy output enabled: devnull ................... YES
configure:22038: Snoopy output enabled: devtty .................... YES
configure:22083: Snoopy output enabled: file ...................... YES (forced)
configure:22122: Snoopy output enabled: socket .................... YES (forced)
configure:22194: Snoopy output enabled: stderr .................... YES
configure:22272: Snoopy output enabled: stdout .................... YES
configure:22353: Snoopy output enabled: syslog .................... no
configure:22428: Snoopy default output:          default (system dependent)
configure:22430: Snoopy default output argument: (none)
configure:22440: -
configure:22481: Snoopy default syslog facility: LOG_AUTHPRIV
configure:22521: Snoopy default syslog level:    LOG_INFO
configure:22552: Snoopy default syslog ident:    "snoopy"
configure:22560: -
configure:22600: Snoopy development tools: no
configure:22610: ======================================================================
configure:22634: checking pthread.h usability
configure:22634: gcc -c -g -O2  conftest.c >&5
configure:22634: $? = 0
configure:22634: result: yes
configure:22634: checking pthread.h presence
configure:22634: gcc -E  conftest.c
configure:22634: $? = 0
configure:22634: result: yes
configure:22634: checking for pthread.h
configure:22634: result: yes
configure:22644: checking for pthread_self in -lpthread
configure:22669: gcc -o conftest -g -O2   conftest.c -lpthread  -ldl  >&5
configure:22669: $? = 0
configure:22678: result: yes
configure:22811: checking that generated files are newer than configure
configure:22817: result: done
configure:23044: creating ./config.status

## ---------------------- ##
## Running config.status. ##
## ---------------------- ##

This file was extended by Snoopy Logger config.status 2.4.6, which was
generated by GNU Autoconf 2.69.  Invocation command line was

  CONFIG_FILES    = 
  CONFIG_HEADERS  = 
  CONFIG_LINKS    = 
  CONFIG_COMMANDS = 
  $ ./config.status 

on kali

config.status:1409: creating Makefile
config.status:1409: creating contrib/rhel/snoopy.spec
config.status:1409: creating contrib/sles/snoopy.spec
config.status:1409: creating doc/Makefile
config.status:1409: creating doc/internals/Makefile
config.status:1409: creating etc/Makefile
config.status:1409: creating etc/snoopy.ini
config.status:1409: creating lib/Makefile
config.status:1409: creating lib/inih/Makefile
config.status:1409: creating lib/inih/src/Makefile
config.status:1409: creating src/Makefile
config.status:1409: creating src/datasource/Makefile
config.status:1409: creating src/eventsource/Makefile
config.status:1409: creating src/filter/Makefile
config.status:1409: creating src/output/Makefile
config.status:1409: creating util/Makefile
config.status:1409: creating tests/Makefile
config.status:1409: creating tests/bin/Makefile
config.status:1409: creating tests/combined/Makefile
config.status:1409: creating tests/configfile/Makefile
config.status:1409: creating tests/datasource/Makefile
config.status:1409: creating tests/filter/Makefile
config.status:1409: creating tests/message/Makefile
config.status:1409: creating tests/output/Makefile
config.status:1409: creating tests/threads/Makefile
config.status:1409: creating util/snoopy-disable
config.status:1409: creating util/snoopy-enable
config.status:1409: creating config.h
config.status:1638: executing depfiles commands
config.status:1638: executing libtool commands

## ---------------- ##
## Cache variables. ##
## ---------------- ##

ac_cv_build=x86_64-unknown-linux-gnu
ac_cv_c_compiler_gnu=yes
ac_cv_c_inline=inline
ac_cv_cxx_compiler_gnu=yes
ac_cv_env_CCC_set=
ac_cv_env_CCC_value=
ac_cv_env_CC_set=
ac_cv_env_CC_value=
ac_cv_env_CFLAGS_set=
ac_cv_env_CFLAGS_value=
ac_cv_env_CPPFLAGS_set=
ac_cv_env_CPPFLAGS_value=
ac_cv_env_CPP_set=
ac_cv_env_CPP_value=
ac_cv_env_CXXCPP_set=
ac_cv_env_CXXCPP_value=
ac_cv_env_CXXFLAGS_set=
ac_cv_env_CXXFLAGS_value=
ac_cv_env_CXX_set=
ac_cv_env_CXX_value=
ac_cv_env_LDFLAGS_set=
ac_cv_env_LDFLAGS_value=
ac_cv_env_LIBS_set=
ac_cv_env_LIBS_value=
ac_cv_env_build_alias_set=
ac_cv_env_build_alias_value=
ac_cv_env_host_alias_set=
ac_cv_env_host_alias_value=
ac_cv_env_target_alias_set=
ac_cv_env_target_alias_value=
ac_cv_func_fork=yes
ac_cv_func_fork_works=yes
ac_cv_func_getcwd=yes
ac_cv_func_gethostname=yes
ac_cv_func_getsid=yes
ac_cv_func_gettimeofday=yes
ac_cv_func_localtime_r=yes
ac_cv_func_malloc_0_nonnull=yes
ac_cv_func_socket=yes
ac_cv_func_strchr=yes
ac_cv_func_strdup=yes
ac_cv_func_strstr=yes
ac_cv_func_vfork=yes
ac_cv_func_vfork_works=yes
ac_cv_header_ctype_h=yes
ac_cv_header_dlfcn_h=yes
ac_cv_header_errno_h=yes
ac_cv_header_features_h=yes
ac_cv_header_grp_h=yes
ac_cv_header_inttypes_h=yes
ac_cv_header_limits_h=yes
ac_cv_header_memory_h=yes
ac_cv_header_pthread_h=yes
ac_cv_header_pwd_h=yes
ac_cv_header_stdc=yes
ac_cv_header_stdint_h=yes
ac_cv_header_stdio_h=yes
ac_cv_header_stdlib_h=yes
ac_cv_header_string_h=yes
ac_cv_header_strings_h=yes
ac_cv_header_sys_socket_h=yes
ac_cv_header_sys_stat_h=yes
ac_cv_header_sys_syscall_h=yes
ac_cv_header_sys_time_h=yes
ac_cv_header_sys_types_h=yes
ac_cv_header_sys_un_h=yes
ac_cv_header_syslog_h=yes
ac_cv_header_time_h=yes
ac_cv_header_unistd_h=yes
ac_cv_header_vfork_h=no
ac_cv_host=x86_64-unknown-linux-gnu
ac_cv_lib_dl_dlsym=yes
ac_cv_lib_pthread_pthread_self=yes
ac_cv_objext=o
ac_cv_path_EGREP='/bin/grep -E'
ac_cv_path_FGREP='/bin/grep -F'
ac_cv_path_GREP=/bin/grep
ac_cv_path_SED=/bin/sed
ac_cv_path_install='/usr/bin/install -c'
ac_cv_path_mkdir=/bin/mkdir
ac_cv_prog_AWK=gawk
ac_cv_prog_CPP='gcc -E'
ac_cv_prog_CXXCPP='g++ -E'
ac_cv_prog_SNOOPY_PROG_DIRNAME_FOUND=yes
ac_cv_prog_SNOOPY_PROG_READLINK_FOUND=yes
ac_cv_prog_SNOOPY_PROG_SOCAT_FOUND=yes
ac_cv_prog_SNOOPY_PROG_WC_FOUND=yes
ac_cv_prog_ac_ct_AR=ar
ac_cv_prog_ac_ct_CC=gcc
ac_cv_prog_ac_ct_CXX=g++
ac_cv_prog_ac_ct_MANIFEST_TOOL=mt
ac_cv_prog_ac_ct_OBJDUMP=objdump
ac_cv_prog_ac_ct_RANLIB=ranlib
ac_cv_prog_ac_ct_STRIP=strip
ac_cv_prog_cc_c89=
ac_cv_prog_cc_g=yes
ac_cv_prog_cxx_g=yes
ac_cv_prog_make_make_set=yes
ac_cv_type_pid_t=yes
ac_cv_type_size_t=yes
ac_cv_type_uid_t=yes
am_cv_CC_dependencies_compiler_type=gcc3
am_cv_CXX_dependencies_compiler_type=gcc3
am_cv_ar_interface=ar
am_cv_make_support_nested_variables=yes
am_cv_prog_cc_c_o=yes
lt_cv_ar_at_file=@
lt_cv_archive_cmds_need_lc=no
lt_cv_deplibs_check_method=pass_all
lt_cv_file_magic_cmd='$MAGIC_CMD'
lt_cv_file_magic_test_file=
lt_cv_ld_reload_flag=-r
lt_cv_nm_interface='BSD nm'
lt_cv_objdir=.libs
lt_cv_path_LD=/usr/bin/ld
lt_cv_path_LDCXX='/usr/bin/ld -m elf_x86_64'
lt_cv_path_NM='/usr/bin/nm -B'
lt_cv_path_mainfest_tool=no
lt_cv_prog_compiler_c_o=yes
lt_cv_prog_compiler_c_o_CXX=yes
lt_cv_prog_compiler_pic='-fPIC -DPIC'
lt_cv_prog_compiler_pic_CXX='-fPIC -DPIC'
lt_cv_prog_compiler_pic_works=yes
lt_cv_prog_compiler_pic_works_CXX=yes
lt_cv_prog_compiler_rtti_exceptions=no
lt_cv_prog_compiler_static_works=yes
lt_cv_prog_compiler_static_works_CXX=yes
lt_cv_prog_gnu_ld=yes
lt_cv_prog_gnu_ldcxx=yes
lt_cv_sharedlib_from_linklib_cmd='printf %s\n'
lt_cv_shlibpath_overrides_runpath=yes
lt_cv_sys_global_symbol_pipe='sed -n -e '\''s/^.*[	 ]\([ABCDGIRSTW][ABCDGIRSTW]*\)[	 ][	 ]*\([_A-Za-z][_A-Za-z0-9]*\)$/\1 \2 \2/p'\'' | sed '\''/ __gnu_lto/d'\'''
lt_cv_sys_global_symbol_to_c_name_address='sed -n -e '\''s/^: \([^ ]*\)[ ]*$/  {\"\1\", (void *) 0},/p'\'' -e '\''s/^[ABCDGIRSTW]* \([^ ]*\) \([^ ]*\)$/  {"\2", (void *) \&\2},/p'\'''
lt_cv_sys_global_symbol_to_c_name_address_lib_prefix='sed -n -e '\''s/^: \([^ ]*\)[ ]*$/  {\"\1\", (void *) 0},/p'\'' -e '\''s/^[ABCDGIRSTW]* \([^ ]*\) \(lib[^ ]*\)$/  {"\2", (void *) \&\2},/p'\'' -e '\''s/^[ABCDGIRSTW]* \([^ ]*\) \([^ ]*\)$/  {"lib\2", (void *) \&\2},/p'\'''
lt_cv_sys_global_symbol_to_cdecl='sed -n -e '\''s/^T .* \(.*\)$/extern int \1();/p'\'' -e '\''s/^[ABCDGIRSTW]* .* \(.*\)$/extern char \1;/p'\'''
lt_cv_sys_max_cmd_len=1572864
lt_cv_to_host_file_cmd=func_convert_file_noop
lt_cv_to_tool_file_cmd=func_convert_file_noop

## ----------------- ##
## Output variables. ##
## ----------------- ##

ACLOCAL='${SHELL} /root/Desktop/merge2/ecel-master/plugins/collectors/snoopy/snoopy_install/snoopy-2.4.6_mod/build/aux/missing aclocal-1.14'
AMDEPBACKSLASH='\'
AMDEP_FALSE='#'
AMDEP_TRUE=''
AMTAR='$${TAR-tar}'
AM_BACKSLASH='\'
AM_DEFAULT_V='$(AM_DEFAULT_VERBOSITY)'
AM_DEFAULT_VERBOSITY='0'
AM_V='$(V)'
AR='ar'
AUTOCONF='${SHELL} /root/Desktop/merge2/ecel-master/plugins/collectors/snoopy/snoopy_install/snoopy-2.4.6_mod/build/aux/missing autoconf'
AUTOHEADER='${SHELL} /root/Desktop/merge2/ecel-master/plugins/collectors/snoopy/snoopy_install/snoopy-2.4.6_mod/build/aux/missing autoheader'
AUTOMAKE='${SHELL} /root/Desktop/merge2/ecel-master/plugins/collectors/snoopy/snoopy_install/snoopy-2.4.6_mod/build/aux/missing automake-1.14'
AWK='gawk'
CC='gcc'
CCDEPMODE='depmode=gcc3'
CFLAGS='-g -O2'
CONFIGFILE_ENABLED_FALSE='#'
CONFIGFILE_ENABLED_TRUE=''
CPP='gcc -E'
CPPFLAGS=''
CXX='g++'
CXXCPP='g++ -E'
CXXDEPMODE='depmode=gcc3'
CXXFLAGS='-g -O2'
CYGPATH_W='echo'
DATASOURCE_ENABLED_cmdline_FALSE='#'
DATASOURCE_ENABLED_cmdline_TRUE=''
DATASOURCE_ENABLED_cwd_FALSE='#'
DATASOURCE_ENABLED_cwd_TRUE=''
DATASOURCE_ENABLED_datetime_FALSE='#'
DATASOURCE_ENABLED_datetime_TRUE=''
DATASOURCE_ENABLED_domain_FALSE='#'
DATASOURCE_ENABLED_domain_TRUE=''
DATASOURCE_ENABLED_egid_FALSE='#'
DATASOURCE_ENABLED_egid_TRUE=''
DATASOURCE_ENABLED_egroup_FALSE='#'
DATASOURCE_ENABLED_egroup_TRUE=''
DATASOURCE_ENABLED_env_FALSE='#'
DATASOURCE_ENABLED_env_TRUE=''
DATASOURCE_ENABLED_env_all_FALSE='#'
DATASOURCE_ENABLED_env_all_TRUE=''
DATASOURCE_ENABLED_euid_FALSE='#'
DATASOURCE_ENABLED_euid_TRUE=''
DATASOURCE_ENABLED_eusername_FALSE='#'
DATASOURCE_ENABLED_eusername_TRUE=''
DATASOURCE_ENABLED_filename_FALSE='#'
DATASOURCE_ENABLED_filename_TRUE=''
DATASOURCE_ENABLED_gid_FALSE='#'
DATASOURCE_ENABLED_gid_TRUE=''
DATASOURCE_ENABLED_group_FALSE='#'
DATASOURCE_ENABLED_group_TRUE=''
DATASOURCE_ENABLED_hostname_FALSE='#'
DATASOURCE_ENABLED_hostname_TRUE=''
DATASOURCE_ENABLED_login_FALSE='#'
DATASOURCE_ENABLED_login_TRUE=''
DATASOURCE_ENABLED_pid_FALSE='#'
DATASOURCE_ENABLED_pid_TRUE=''
DATASOURCE_ENABLED_ppid_FALSE='#'
DATASOURCE_ENABLED_ppid_TRUE=''
DATASOURCE_ENABLED_rpname_FALSE='#'
DATASOURCE_ENABLED_rpname_TRUE=''
DATASOURCE_ENABLED_sid_FALSE='#'
DATASOURCE_ENABLED_sid_TRUE=''
DATASOURCE_ENABLED_snoopy_literal_FALSE='#'
DATASOURCE_ENABLED_snoopy_literal_TRUE=''
DATASOURCE_ENABLED_snoopy_threads_FALSE='#'
DATASOURCE_ENABLED_snoopy_threads_TRUE=''
DATASOURCE_ENABLED_snoopy_version_FALSE='#'
DATASOURCE_ENABLED_snoopy_version_TRUE=''
DATASOURCE_ENABLED_tid_FALSE='#'
DATASOURCE_ENABLED_tid_TRUE=''
DATASOURCE_ENABLED_tid_kernel_FALSE='#'
DATASOURCE_ENABLED_tid_kernel_TRUE=''
DATASOURCE_ENABLED_timestamp_FALSE='#'
DATASOURCE_ENABLED_timestamp_TRUE=''
DATASOURCE_ENABLED_timestamp_ms_FALSE='#'
DATASOURCE_ENABLED_timestamp_ms_TRUE=''
DATASOURCE_ENABLED_timestamp_us_FALSE='#'
DATASOURCE_ENABLED_timestamp_us_TRUE=''
DATASOURCE_ENABLED_tty_FALSE='#'
DATASOURCE_ENABLED_tty_TRUE=''
DATASOURCE_ENABLED_tty_uid_FALSE='#'
DATASOURCE_ENABLED_tty_uid_TRUE=''
DATASOURCE_ENABLED_tty_username_FALSE='#'
DATASOURCE_ENABLED_tty_username_TRUE=''
DATASOURCE_ENABLED_uid_FALSE='#'
DATASOURCE_ENABLED_uid_TRUE=''
DATASOURCE_ENABLED_username_FALSE='#'
DATASOURCE_ENABLED_username_TRUE=''
DEFS='-DHAVE_CONFIG_H'
DEPDIR='.deps'
DEV_TOOLS_ENABLED_FALSE=''
DEV_TOOLS_ENABLED_TRUE='#'
DLLTOOL='false'
DSYMUTIL=''
DUMPBIN=''
ECHO_C=''
ECHO_N='-n'
ECHO_T=''
EGREP='/bin/grep -E'
EXEEXT=''
FGREP='/bin/grep -F'
FILTERING_ENABLED_FALSE='#'
FILTERING_ENABLED_TRUE=''
FILTER_ENABLED_exclude_spawns_of_FALSE='#'
FILTER_ENABLED_exclude_spawns_of_TRUE=''
FILTER_ENABLED_exclude_uid_FALSE='#'
FILTER_ENABLED_exclude_uid_TRUE=''
FILTER_ENABLED_only_root_FALSE='#'
FILTER_ENABLED_only_root_TRUE=''
FILTER_ENABLED_only_tty_FALSE='#'
FILTER_ENABLED_only_tty_TRUE=''
FILTER_ENABLED_only_uid_FALSE='#'
FILTER_ENABLED_only_uid_TRUE=''
GREP='/bin/grep'
INSTALL_DATA='${INSTALL} -m 644'
INSTALL_PROGRAM='${INSTALL}'
INSTALL_SCRIPT='${INSTALL}'
INSTALL_STRIP_PROGRAM='$(install_sh) -c -s'
LD='/usr/bin/ld -m elf_x86_64'
LDFLAGS=''
LIBOBJS=''
LIBS='-lpthread -ldl '
LIBTOOL='$(SHELL) $(top_builddir)/libtool'
LIPO=''
LN_S='ln -s'
LTLIBOBJS=''
MAKEINFO='${SHELL} /root/Desktop/merge2/ecel-master/plugins/collectors/snoopy/snoopy_install/snoopy-2.4.6_mod/build/aux/missing makeinfo'
MANIFEST_TOOL=':'
MKDIR_P='/bin/mkdir -p'
NM='/usr/bin/nm -B'
NMEDIT=''
OBJDUMP='objdump'
OBJEXT='o'
OTOOL64=''
OTOOL=''
OUTPUT_ENABLED_devlog_FALSE='#'
OUTPUT_ENABLED_devlog_TRUE=''
OUTPUT_ENABLED_devnull_FALSE='#'
OUTPUT_ENABLED_devnull_TRUE=''
OUTPUT_ENABLED_devtty_FALSE='#'
OUTPUT_ENABLED_devtty_TRUE=''
OUTPUT_ENABLED_file_FALSE='#'
OUTPUT_ENABLED_file_TRUE=''
OUTPUT_ENABLED_socket_FALSE='#'
OUTPUT_ENABLED_socket_TRUE=''
OUTPUT_ENABLED_stderr_FALSE='#'
OUTPUT_ENABLED_stderr_TRUE=''
OUTPUT_ENABLED_stdout_FALSE='#'
OUTPUT_ENABLED_stdout_TRUE=''
OUTPUT_ENABLED_syslog_FALSE=''
OUTPUT_ENABLED_syslog_TRUE='#'
PACKAGE='snoopy'
PACKAGE_BUGREPORT='https://github.com/a2o/snoopy/issues/'
PACKAGE_NAME='Snoopy Logger'
PACKAGE_STRING='Snoopy Logger 2.4.6'
PACKAGE_TARNAME='snoopy'
PACKAGE_URL='https://github.com/a2o/snoopy/'
PACKAGE_VERSION='2.4.6'
PATH_SEPARATOR=':'
PREFIX='/usr/local'
RANLIB='ranlib'
SED='/bin/sed'
SET_MAKE=''
SHELL='/bin/bash'
SNOOPY_CONF_MESSAGE_FORMAT='[uid:%{uid} sid:%{sid} tty:%{tty} cwd:%{cwd} filename:%{filename}]: %{cmdline}'
SNOOPY_LIBDIR='/usr/local/lib'
SNOOPY_PROG_DIRNAME_FOUND='yes'
SNOOPY_PROG_READLINK_FOUND='yes'
SNOOPY_PROG_SOCAT_FOUND='yes'
SNOOPY_PROG_WC_FOUND='yes'
STRIP='strip'
SYSCONFDIR='/etc'
THREAD_SAFETY_ENABLED_FALSE=''
THREAD_SAFETY_ENABLED_TRUE='#'
VERSION='2.4.6'
ac_ct_AR='ar'
ac_ct_CC='gcc'
ac_ct_CXX='g++'
ac_ct_DUMPBIN=''
am__EXEEXT_FALSE=''
am__EXEEXT_TRUE='#'
am__fastdepCC_FALSE='#'
am__fastdepCC_TRUE=''
am__fastdepCXX_FALSE='#'
am__fastdepCXX_TRUE=''
am__include='include'
am__isrc=''
am__leading_dot='.'
am__nodep='_no'
am__quote=''
am__tar='$${TAR-tar} chof - "$$tardir"'
am__untar='$${TAR-tar} xf -'
bindir='${exec_prefix}/bin'
build='x86_64-unknown-linux-gnu'
build_alias=''
build_cpu='x86_64'
build_os='linux-gnu'
build_vendor='unknown'
datadir='${datarootdir}'
datarootdir='${prefix}/share'
docdir='${datarootdir}/doc/${PACKAGE_TARNAME}'
dvidir='${docdir}'
enable_datasource_cmdline='yes'
enable_datasource_cwd='yes'
enable_datasource_datetime='yes'
enable_datasource_domain='yes'
enable_datasource_egid='yes'
enable_datasource_egroup='yes'
enable_datasource_env='yes'
enable_datasource_env_all='yes'
enable_datasource_euid='yes'
enable_datasource_eusername='yes'
enable_datasource_filename='yes'
enable_datasource_gid='yes'
enable_datasource_group='yes'
enable_datasource_hostname='yes'
enable_datasource_login='yes'
enable_datasource_pid='yes'
enable_datasource_ppid='yes'
enable_datasource_rpname='yes'
enable_datasource_sid='yes'
enable_datasource_snoopy_literal='yes'
enable_datasource_snoopy_threads='yes'
enable_datasource_snoopy_version='yes'
enable_datasource_tid='yes'
enable_datasource_tid_kernel='yes'
enable_datasource_timestamp='yes'
enable_datasource_timestamp_ms='yes'
enable_datasource_timestamp_us='yes'
enable_datasource_tty='yes'
enable_datasource_tty_uid='yes'
enable_datasource_tty_username='yes'
enable_datasource_uid='yes'
enable_datasource_username='yes'
enable_filter_exclude_spawns_of='yes'
enable_filter_exclude_uid='yes'
enable_filter_only_root='yes'
enable_filter_only_tty='yes'
enable_filter_only_uid='yes'
enable_output_devlog='yes'
enable_output_devnull='yes'
enable_output_devtty='yes'
enable_output_file='yes'
enable_output_socket='yes'
enable_output_stderr='yes'
enable_output_stdout='yes'
enable_output_syslog='no'
exec_prefix='${prefix}'
host='x86_64-unknown-linux-gnu'
host_alias=''
host_cpu='x86_64'
host_os='linux-gnu'
host_vendor='unknown'
htmldir='${docdir}'
includedir='${prefix}/include'
infodir='${datarootdir}/info'
install_sh='${SHELL} /root/Desktop/merge2/ecel-master/plugins/collectors/snoopy/snoopy_install/snoopy-2.4.6_mod/build/aux/install-sh'
libdir='${exec_prefix}/lib'
libexecdir='${exec_prefix}/libexec'
localedir='${datarootdir}/locale'
localstatedir='${prefix}/var'
mandir='${datarootdir}/man'
mkdir_p='$(MKDIR_P)'
oldincludedir='/usr/include'
pdfdir='${docdir}'
prefix='/usr/local'
program_transform_name='s,x,x,'
psdir='${docdir}'
sbindir='${exec_prefix}/sbin'
sharedstatedir='${prefix}/com'
sysconfdir='/etc'
target_alias=''

## ----------- ##
## confdefs.h. ##
## ----------- ##

/* confdefs.h */
#define PACKAGE_NAME "Snoopy Logger"
#define PACKAGE_TARNAME "snoopy"
#define PACKAGE_VERSION "2.4.6"
#define PACKAGE_STRING "Snoopy Logger 2.4.6"
#define PACKAGE_BUGREPORT "https://github.com/a2o/snoopy/issues/"
#define PACKAGE_URL "https://github.com/a2o/snoopy/"
#define PACKAGE "snoopy"
#define VERSION "2.4.6"
#define STDC_HEADERS 1
#define HAVE_SYS_TYPES_H 1
#define HAVE_SYS_STAT_H 1
#define HAVE_STDLIB_H 1
#define HAVE_STRING_H 1
#define HAVE_MEMORY_H 1
#define HAVE_STRINGS_H 1
#define HAVE_INTTYPES_H 1
#define HAVE_STDINT_H 1
#define HAVE_UNISTD_H 1
#define HAVE_DLFCN_H 1
#define LT_OBJDIR ".libs/"
#define HAVE_LIBDL 1
#define HAVE_CTYPE_H 1
#define HAVE_DLFCN_H 1
#define HAVE_ERRNO_H 1
#define HAVE_FEATURES_H 1
#define HAVE_GRP_H 1
#define HAVE_LIMITS_H 1
#define HAVE_PWD_H 1
#define HAVE_STDIO_H 1
#define HAVE_STDLIB_H 1
#define HAVE_STRING_H 1
#define HAVE_SYSLOG_H 1
#define HAVE_SYS_SOCKET_H 1
#define HAVE_SYS_STAT_H 1
#define HAVE_SYS_SYSCALL_H 1
#define HAVE_SYS_TIME_H 1
#define HAVE_SYS_TYPES_H 1
#define HAVE_SYS_UN_H 1
#define HAVE_TIME_H 1
#define HAVE_UNISTD_H 1
#define HAVE_FORK 1
#define HAVE_VFORK 1
#define HAVE_WORKING_VFORK 1
#define HAVE_WORKING_FORK 1
#define HAVE_STDLIB_H 1
#define HAVE_MALLOC 1
#define HAVE_GETCWD 1
#define HAVE_GETHOSTNAME 1
#define HAVE_GETSID 1
#define HAVE_GETTIMEOFDAY 1
#define HAVE_LOCALTIME_R 1
#define HAVE_SOCKET 1
#define HAVE_STRCHR 1
#define HAVE_STRDUP 1
#define HAVE_STRSTR 1
#define SNOOPY_CONF_CONFIGFILE_ENABLED 1
#define SNOOPY_CONF_CONFIGFILE_PATH "/etc/snoopy.ini"
#define SNOOPY_CONF_DATASOURCE_ENABLED_cmdline 1
#define SNOOPY_CONF_DATASOURCE_ENABLED_cwd 1
#define SNOOPY_CONF_DATASOURCE_ENABLED_datetime 1
#define SNOOPY_CONF_DATASOURCE_ENABLED_domain 1
#define SNOOPY_CONF_DATASOURCE_ENABLED_egid 1
#define SNOOPY_CONF_DATASOURCE_ENABLED_egroup 1
#define SNOOPY_CONF_DATASOURCE_ENABLED_env 1
#define SNOOPY_CONF_DATASOURCE_ENABLED_env_all 1
#define SNOOPY_CONF_DATASOURCE_ENABLED_euid 1
#define SNOOPY_CONF_DATASOURCE_ENABLED_eusername 1
#define SNOOPY_CONF_DATASOURCE_ENABLED_filename 1
#define SNOOPY_CONF_DATASOURCE_ENABLED_gid 1
#define SNOOPY_CONF_DATASOURCE_ENABLED_group 1
#define SNOOPY_CONF_DATASOURCE_ENABLED_hostname 1
#define SNOOPY_CONF_DATASOURCE_ENABLED_login 1
#define SNOOPY_CONF_DATASOURCE_ENABLED_pid 1
#define SNOOPY_CONF_DATASOURCE_ENABLED_ppid 1
#define SNOOPY_CONF_DATASOURCE_ENABLED_rpname 1
#define SNOOPY_CONF_DATASOURCE_ENABLED_sid 1
#define SNOOPY_CONF_DATASOURCE_ENABLED_snoopy_literal 1
#define SNOOPY_CONF_DATASOURCE_ENABLED_snoopy_threads 1
#define SNOOPY_CONF_DATASOURCE_ENABLED_snoopy_version 1
#define SNOOPY_CONF_DATASOURCE_ENABLED_tid 1
#define SNOOPY_CONF_DATASOURCE_ENABLED_tid_kernel 1
#define SNOOPY_CONF_DATASOURCE_ENABLED_timestamp 1
#define SNOOPY_CONF_DATASOURCE_ENABLED_timestamp_ms 1
#define SNOOPY_CONF_DATASOURCE_ENABLED_timestamp_us 1
#define SNOOPY_CONF_DATASOURCE_ENABLED_tty 1
#define SNOOPY_CONF_DATASOURCE_ENABLED_tty_uid 1
#define SNOOPY_CONF_DATASOURCE_ENABLED_tty_username 1
#define SNOOPY_CONF_DATASOURCE_ENABLED_uid 1
#define SNOOPY_CONF_DATASOURCE_ENABLED_username 1
#define SNOOPY_CONF_MESSAGE_FORMAT "[uid:%{uid} sid:%{sid} tty:%{tty} cwd:%{cwd} filename:%{filename}]: %{cmdline}"
#define SNOOPY_CONF_FILTERING_ENABLED 1
#define SNOOPY_CONF_FILTER_ENABLED_exclude_spawns_of 1
#define SNOOPY_CONF_FILTER_ENABLED_exclude_uid 1
#define SNOOPY_CONF_FILTER_ENABLED_only_root 1
#define SNOOPY_CONF_FILTER_ENABLED_only_tty 1
#define SNOOPY_CONF_FILTER_ENABLED_only_uid 1
#define SNOOPY_CONF_FILTER_CHAIN ""
#define SNOOPY_CONF_OUTPUT_ENABLED_devlog 1
#define SNOOPY_CONF_OUTPUT_ENABLED_devnull 1
#define SNOOPY_CONF_OUTPUT_ENABLED_devtty 1
#define SNOOPY_CONF_OUTPUT_ENABLED_file 1
#define SNOOPY_CONF_OUTPUT_ENABLED_socket 1
#define SNOOPY_CONF_OUTPUT_ENABLED_stderr 1
#define SNOOPY_CONF_OUTPUT_ENABLED_stdout 1
#define SNOOPY_CONF_SYSLOG_FACILITY LOG_AUTHPRIV
#define SNOOPY_CONF_SYSLOG_LEVEL LOG_INFO
#define SNOOPY_CONF_SYSLOG_IDENT "snoopy"
#define HAVE_LIBPTHREAD 1

configure: exit 0
